Using pre-set license
Built from '2021.3/staging' branch; Version is '2021.3.10f1 (1c7d0df0160b) revision 1867021'; Using compiler version '192829333'; Build Type 'Release'
OS: 'Windows 11  (10.0.22621) 64bit Core' Language: 'en' Physical Memory: 32451 MB
BatchMode: 1, IsHumanControllingUs: 0, StartBugReporterOnCrash: 0, Is64bit: 1, IsPro: 1

COMMAND LINE ARGUMENTS:
C:\Program Files\Unity\Hub\Editor\2021.3.10f1\Editor\Unity.exe
-adb2
-batchMode
-noUpm
-name
AssetImportWorker0
-projectPath
C:/Users/jmsal/Documents/Games/Salvager/Salvager_Project
-logFile
Logs/AssetImportWorker0.log
-srvPort
54477
Successfully changed project path to: C:/Users/jmsal/Documents/Games/Salvager/Salvager_Project
C:/Users/jmsal/Documents/Games/Salvager/Salvager_Project
[UnityMemory] Configuration Parameters - Can be set up in boot.config
    "memorysetup-bucket-allocator-granularity=16"
    "memorysetup-bucket-allocator-bucket-count=8"
    "memorysetup-bucket-allocator-block-size=33554432"
    "memorysetup-bucket-allocator-block-count=8"
    "memorysetup-main-allocator-block-size=16777216"
    "memorysetup-thread-allocator-block-size=16777216"
    "memorysetup-gfx-main-allocator-block-size=16777216"
    "memorysetup-gfx-thread-allocator-block-size=16777216"
    "memorysetup-cache-allocator-block-size=4194304"
    "memorysetup-typetree-allocator-block-size=2097152"
    "memorysetup-profiler-bucket-allocator-granularity=16"
    "memorysetup-profiler-bucket-allocator-bucket-count=8"
    "memorysetup-profiler-bucket-allocator-block-size=33554432"
    "memorysetup-profiler-bucket-allocator-block-count=8"
    "memorysetup-profiler-allocator-block-size=16777216"
    "memorysetup-profiler-editor-allocator-block-size=1048576"
    "memorysetup-temp-allocator-size-main=16777216"
    "memorysetup-job-temp-allocator-block-size=2097152"
    "memorysetup-job-temp-allocator-block-size-background=1048576"
    "memorysetup-job-temp-allocator-reduction-small-platforms=262144"
    "memorysetup-temp-allocator-size-background-worker=32768"
    "memorysetup-temp-allocator-size-job-worker=262144"
    "memorysetup-temp-allocator-size-preload-manager=33554432"
    "memorysetup-temp-allocator-size-nav-mesh-worker=65536"
    "memorysetup-temp-allocator-size-audio-worker=65536"
    "memorysetup-temp-allocator-size-cloud-worker=32768"
    "memorysetup-temp-allocator-size-gi-baking-worker=262144"
    "memorysetup-temp-allocator-size-gfx=262144"
Refreshing native plugins compatible for Editor in 73.21 ms, found 3 plugins.
Preloading 0 native plugins for Editor in 0.00 ms.
Initialize engine version: 2021.3.10f1 (1c7d0df0160b)
[Subsystems] Discovering subsystems at path C:/Program Files/Unity/Hub/Editor/2021.3.10f1/Editor/Data/Resources/UnitySubsystems
[Subsystems] Discovering subsystems at path C:/Users/jmsal/Documents/Games/Salvager/Salvager_Project/Assets
GfxDevice: creating device client; threaded=0; jobified=0
Direct3D:
    Version:  Direct3D 11.0 [level 11.1]
    Renderer: NVIDIA GeForce RTX 3070 Ti Laptop GPU (ID=0x24a0)
    Vendor:   NVIDIA
    VRAM:     8032 MB
    Driver:   31.0.15.3129
Initialize mono
Mono path[0] = 'C:/Program Files/Unity/Hub/Editor/2021.3.10f1/Editor/Data/Managed'
Mono path[1] = 'C:/Program Files/Unity/Hub/Editor/2021.3.10f1/Editor/Data/MonoBleedingEdge/lib/mono/unityjit-win32'
Mono config path = 'C:/Program Files/Unity/Hub/Editor/2021.3.10f1/Editor/Data/MonoBleedingEdge/etc'
Using monoOptions --debugger-agent=transport=dt_socket,embedding=1,server=y,suspend=n,address=127.0.0.1:56896
Begin MonoManager ReloadAssembly
Registering precompiled unity dll's ...
Register platform support module: C:/Program Files/Unity/Hub/Editor/2021.3.10f1/Editor/Data/PlaybackEngines/AndroidPlayer/UnityEditor.Android.Extensions.dll
Register platform support module: C:/Program Files/Unity/Hub/Editor/2021.3.10f1/Editor/Data/PlaybackEngines/WindowsStandaloneSupport/UnityEditor.WindowsStandalone.Extensions.dll
Registered in 0.003642 seconds.
Native extension for WindowsStandalone target not found
Native extension for Android target not found
Refreshing native plugins compatible for Editor in 70.32 ms, found 3 plugins.
Preloading 0 native plugins for Editor in 0.00 ms.
Mono: successfully reloaded assembly
- Completed reload, in  0.465 seconds
Domain Reload Profiling:
	ReloadAssembly (465ms)
		BeginReloadAssembly (47ms)
			ExecutionOrderSort (0ms)
			DisableScriptedObjects (0ms)
			BackupInstance (0ms)
			ReleaseScriptingObjects (0ms)
			CreateAndSetChildDomain (1ms)
		EndReloadAssembly (344ms)
			LoadAssemblies (46ms)
			RebuildTransferFunctionScriptingTraits (0ms)
			SetupTypeCache (79ms)
			ReleaseScriptCaches (0ms)
			RebuildScriptCaches (18ms)
			SetupLoadedEditorAssemblies (207ms)
				LogAssemblyErrors (0ms)
				InitializePlatformSupportModulesInManaged (45ms)
				SetLoadedEditorAssemblies (0ms)
				RefreshPlugins (70ms)
				BeforeProcessingInitializeOnLoad (1ms)
				ProcessInitializeOnLoadAttributes (61ms)
				ProcessInitializeOnLoadMethodAttributes (29ms)
				AfterProcessingInitializeOnLoad (0ms)
				EditorAssembliesLoaded (0ms)
			ExecutionOrderSort2 (0ms)
			AwakeInstancesAfterBackupRestoration (0ms)
Platform modules already initialized, skipping
Registering precompiled user dll's ...
Registered in 0.004481 seconds.
Android Extension - Scanning For ADB Devices 692 ms
Begin MonoManager ReloadAssembly
Symbol file LoadedFromMemory doesn't match image C:\Users\jmsal\Documents\Games\Salvager\Salvager_Project\Library\PackageCache\com.unity.visualscripting@1.7.8\Editor\VisualScripting.Core\Dependencies\YamlDotNet\Unity.VisualScripting.YamlDotNet.dll
Symbol file LoadedFromMemory doesn't match image C:\Users\jmsal\Documents\Games\Salvager\Salvager_Project\Library\PackageCache\com.unity.visualscripting@1.7.8\Editor\VisualScripting.Core\Dependencies\DotNetZip\Unity.VisualScripting.IonicZip.dll
Native extension for WindowsStandalone target not found
Native extension for Android target not found
Refreshing native plugins compatible for Editor in 78.46 ms, found 3 plugins.
Preloading 0 native plugins for Editor in 0.00 ms.
Mono: successfully reloaded assembly
- Completed reload, in  1.177 seconds
Domain Reload Profiling:
	ReloadAssembly (1177ms)
		BeginReloadAssembly (93ms)
			ExecutionOrderSort (0ms)
			DisableScriptedObjects (5ms)
			BackupInstance (0ms)
			ReleaseScriptingObjects (0ms)
			CreateAndSetChildDomain (19ms)
		EndReloadAssembly (988ms)
			LoadAssemblies (104ms)
			RebuildTransferFunctionScriptingTraits (0ms)
			SetupTypeCache (341ms)
			ReleaseScriptCaches (1ms)
			RebuildScriptCaches (50ms)
			SetupLoadedEditorAssemblies (442ms)
				LogAssemblyErrors (0ms)
				InitializePlatformSupportModulesInManaged (11ms)
				SetLoadedEditorAssemblies (0ms)
				RefreshPlugins (79ms)
				BeforeProcessingInitializeOnLoad (63ms)
				ProcessInitializeOnLoadAttributes (198ms)
				ProcessInitializeOnLoadMethodAttributes (86ms)
				AfterProcessingInitializeOnLoad (5ms)
				EditorAssembliesLoaded (0ms)
			ExecutionOrderSort2 (0ms)
			AwakeInstancesAfterBackupRestoration (5ms)
Platform modules already initialized, skipping
========================================================================
Worker process is ready to serve import requests
Launched and connected shader compiler UnityShaderCompiler.exe after 0.06 seconds
Refreshing native plugins compatible for Editor in 0.65 ms, found 3 plugins.
Preloading 0 native plugins for Editor in 0.00 ms.
Unloading 5134 Unused Serialized files (Serialized files now loaded: 0)
Unloading 34 unused Assets / (0.7 MB). Loaded Objects now: 5593.
Memory consumption went from 207.2 MB to 206.5 MB.
Total: 5.026000 ms (FindLiveObjects: 0.281000 ms CreateObjectMapping: 0.173100 ms MarkObjects: 4.342900 ms  DeleteObjects: 0.228100 ms)

AssetImportParameters requested are different than current active one (requested -> active):
  custom:video-decoder-ogg-theora: a1e56fd34408186e4bbccfd4996cb3dc -> 
  custom:container-muxer-webm: aa71ff27fc2769a1b78a27578f13a17b -> 
  custom:container-demuxer-webm: 4f35f7cbe854078d1ac9338744f61a02 -> 
  custom:video-encoder-webm-vp8: eb34c28f22e8b96e1ab97ce403110664 -> 
  custom:audio-encoder-webm-vorbis: bf7c407c2cedff20999df2af8eb42d56 -> 
  custom:framework-win-MediaFoundation: 216162199b28c13a410421893ffa2e32 -> 
  custom:container-demuxer-ogg: 62fdf1f143b41e24485cea50d1cbac27 -> 
  custom:video-decoder-webm-vp8: 9c59270c3fd7afecdb556c50c9e8de78 -> 
  custom:audio-decoder-ogg-vorbis: bf7c407c2cedff20999df2af8eb42d56 -> 
========================================================================
Received Import Request.
  Time since last request: 30234.712108 seconds.
  path: Assets/General/Settings/SampleSceneProfile.asset
  artifactKey: Guid(a6560a915ef98420e9faacc1c7438823) Importer(815301076,1909f56bfc062723c751e8b465ee728b)
Start importing Assets/General/Settings/SampleSceneProfile.asset using Guid(a6560a915ef98420e9faacc1c7438823) Importer(815301076,1909f56bfc062723c751e8b465ee728b)  -> (artifact id: '6db638c8a051ee40e304b46fdc844312') in 0.039137 seconds 
========================================================================
Received Import Request.
  Time since last request: 3350.201416 seconds.
  path: Assets/Enemies/Prefabs/EnemyGiant.prefab
  artifactKey: Guid(a649d928a2199f044a628793c8732980) Importer(815301076,1909f56bfc062723c751e8b465ee728b)
Start importing Assets/Enemies/Prefabs/EnemyGiant.prefab using Guid(a649d928a2199f044a628793c8732980) Importer(815301076,1909f56bfc062723c751e8b465ee728b)  -> (artifact id: 'a65ce81fc41e2c3aaa2db0dc5fdcb9d6') in 0.612596 seconds 
========================================================================
Received Import Request.
  Time since last request: 3676.849584 seconds.
  path: Assets/Enemies/Prefabs/EnemyGiant.prefab
  artifactKey: Guid(a649d928a2199f044a628793c8732980) Importer(815301076,1909f56bfc062723c751e8b465ee728b)
Start importing Assets/Enemies/Prefabs/EnemyGiant.prefab using Guid(a649d928a2199f044a628793c8732980) Importer(815301076,1909f56bfc062723c751e8b465ee728b)  -> (artifact id: 'ebc9a3a07005009e039b129e5921506a') in 0.046432 seconds 
========================================================================
Received Import Request.
  Time since last request: 12.710458 seconds.
  path: Assets/Enemies/3D/AC_EnemyShielded.overrideController
  artifactKey: Guid(5a89e87575f7eec4abb24a99290ab510) Importer(815301076,1909f56bfc062723c751e8b465ee728b)
Start importing Assets/Enemies/3D/AC_EnemyShielded.overrideController using Guid(5a89e87575f7eec4abb24a99290ab510) Importer(815301076,1909f56bfc062723c751e8b465ee728b)  -> (artifact id: 'ae2e0d40052462489086046b32293427') in 0.016477 seconds 
========================================================================
Received Import Request.
  Time since last request: 0.018792 seconds.
  path: Assets/Enemies/3D/Enemy_Basic.fbx
  artifactKey: Guid(5d3c8a8d57d021544897096c38ef2231) Importer(815301076,1909f56bfc062723c751e8b465ee728b)
Start importing Assets/Enemies/3D/Enemy_Basic.fbx using Guid(5d3c8a8d57d021544897096c38ef2231) Importer(815301076,1909f56bfc062723c751e8b465ee728b)  -> (artifact id: '0e10ece9f9ef5adf3ea53b491076ab7c') in 0.079835 seconds 
========================================================================
Received Import Request.
  Time since last request: 0.000031 seconds.
  path: Assets/Enemies/3D/Enemy_Shielded.fbx
  artifactKey: Guid(b74bc5493bc6cd74a8365b62a9eeb12e) Importer(815301076,1909f56bfc062723c751e8b465ee728b)
Start importing Assets/Enemies/3D/Enemy_Shielded.fbx using Guid(b74bc5493bc6cd74a8365b62a9eeb12e) Importer(815301076,1909f56bfc062723c751e8b465ee728b)  -> (artifact id: 'e48e019b5552ecfc247767c573edb34d') in 0.053315 seconds 
========================================================================
Received Import Request.
  Time since last request: 0.000025 seconds.
  path: Assets/Enemies/3D/AC_EnemyStalker.overrideController
  artifactKey: Guid(3407121c0e552d847b108b5ddf91f331) Importer(815301076,1909f56bfc062723c751e8b465ee728b)
Start importing Assets/Enemies/3D/AC_EnemyStalker.overrideController using Guid(3407121c0e552d847b108b5ddf91f331) Importer(815301076,1909f56bfc062723c751e8b465ee728b)  -> (artifact id: 'c6324469cdadf1c407d589bc962939ca') in 0.016396 seconds 
========================================================================
Received Import Request.
  Time since last request: 0.000038 seconds.
  path: Assets/Enemies/3D/Enemy_Sinusoid.fbx
  artifactKey: Guid(9e18dc4ca97b64e42890d8389b4e5f90) Importer(815301076,1909f56bfc062723c751e8b465ee728b)
Start importing Assets/Enemies/3D/Enemy_Sinusoid.fbx using Guid(9e18dc4ca97b64e42890d8389b4e5f90) Importer(815301076,1909f56bfc062723c751e8b465ee728b)  -> (artifact id: '2e66328a02c913ab10df2f59dfd20260') in 0.032121 seconds 
========================================================================
Received Import Request.
  Time since last request: 16.338775 seconds.
  path: Assets/General/3D/M_EnemyShield.mat
  artifactKey: Guid(d2014b5d8112e2d40b573c4f583c5fa7) Importer(815301076,1909f56bfc062723c751e8b465ee728b)
Start importing Assets/General/3D/M_EnemyShield.mat using Guid(d2014b5d8112e2d40b573c4f583c5fa7) Importer(815301076,1909f56bfc062723c751e8b465ee728b)  -> (artifact id: '282b5d0728c1d734a3fa8e6111651c0e') in 0.031020 seconds 
========================================================================
Received Import Request.
  Time since last request: 10.793118 seconds.
  path: Assets/Enemies/M_EnemyShield.mat
  artifactKey: Guid(d2014b5d8112e2d40b573c4f583c5fa7) Importer(815301076,1909f56bfc062723c751e8b465ee728b)
Start importing Assets/Enemies/M_EnemyShield.mat using Guid(d2014b5d8112e2d40b573c4f583c5fa7) Importer(815301076,1909f56bfc062723c751e8b465ee728b)  -> (artifact id: '934437072fb8c16c5ff95b9a4a697920') in 0.016872 seconds 
========================================================================
Received Import Request.
  Time since last request: 7.109051 seconds.
  path: Assets/Enemies/Prefabs/EnemyGiant.prefab
  artifactKey: Guid(a649d928a2199f044a628793c8732980) Importer(815301076,1909f56bfc062723c751e8b465ee728b)
Start importing Assets/Enemies/Prefabs/EnemyGiant.prefab using Guid(a649d928a2199f044a628793c8732980) Importer(815301076,1909f56bfc062723c751e8b465ee728b)  -> (artifact id: '82bd5e358c13e8c204ee1872f8734b14') in 0.027971 seconds 
========================================================================
Received Import Request.
  Time since last request: 35.393253 seconds.
  path: Assets/Enemies/Prefabs/EnemyGiant.prefab
  artifactKey: Guid(a649d928a2199f044a628793c8732980) Importer(815301076,1909f56bfc062723c751e8b465ee728b)
Start importing Assets/Enemies/Prefabs/EnemyGiant.prefab using Guid(a649d928a2199f044a628793c8732980) Importer(815301076,1909f56bfc062723c751e8b465ee728b)  -> (artifact id: '0a1517b8a4ab8ff8f000ffe1f720208d') in 0.030621 seconds 
========================================================================
Received Import Request.
  Time since last request: 15.269001 seconds.
  path: Assets/Enemies/Prefabs/EnemyGiant.prefab
  artifactKey: Guid(a649d928a2199f044a628793c8732980) Importer(815301076,1909f56bfc062723c751e8b465ee728b)
Start importing Assets/Enemies/Prefabs/EnemyGiant.prefab using Guid(a649d928a2199f044a628793c8732980) Importer(815301076,1909f56bfc062723c751e8b465ee728b)  -> (artifact id: '42ff3ef8b55e6c72737b6f5fd59a859f') in 0.024424 seconds 
========================================================================
Received Import Request.
  Time since last request: 216.222363 seconds.
  path: Assets/Enemies/Prefabs/EnemyGiant.prefab
  artifactKey: Guid(a649d928a2199f044a628793c8732980) Importer(815301076,1909f56bfc062723c751e8b465ee728b)
Start importing Assets/Enemies/Prefabs/EnemyGiant.prefab using Guid(a649d928a2199f044a628793c8732980) Importer(815301076,1909f56bfc062723c751e8b465ee728b)  -> (artifact id: 'd6cc2e0185bc123dd7a2ecf9e3f7c20a') in 0.036831 seconds 
========================================================================
Received Import Request.
  Time since last request: 11.606186 seconds.
  path: Assets/Enemies/M_EnemyShield.mat
  artifactKey: Guid(d2014b5d8112e2d40b573c4f583c5fa7) Importer(815301076,1909f56bfc062723c751e8b465ee728b)
Start importing Assets/Enemies/M_EnemyShield.mat using Guid(d2014b5d8112e2d40b573c4f583c5fa7) Importer(815301076,1909f56bfc062723c751e8b465ee728b)  -> (artifact id: '3f73038920ed9087ed3d99dad8f8573c') in 0.014327 seconds 
========================================================================
Received Import Request.
  Time since last request: 7.853010 seconds.
  path: Assets/Enemies/M_EnemyShield.mat
  artifactKey: Guid(d2014b5d8112e2d40b573c4f583c5fa7) Importer(815301076,1909f56bfc062723c751e8b465ee728b)
Start importing Assets/Enemies/M_EnemyShield.mat using Guid(d2014b5d8112e2d40b573c4f583c5fa7) Importer(815301076,1909f56bfc062723c751e8b465ee728b)  -> (artifact id: '7ac54bb988529d5bd3d0026218e56c05') in 0.018529 seconds 
========================================================================
Received Import Request.
  Time since last request: 12.840318 seconds.
  path: Assets/General/VFX
  artifactKey: Guid(85809d56e6ac3b24db6365f656927882) Importer(815301076,1909f56bfc062723c751e8b465ee728b)
Start importing Assets/General/VFX using Guid(85809d56e6ac3b24db6365f656927882) Importer(815301076,1909f56bfc062723c751e8b465ee728b)  -> (artifact id: '1ceb5357d12610a3dfd2718e66c6e56d') in 0.009052 seconds 
========================================================================
Received Import Request.
  Time since last request: 8.119291 seconds.
  path: Assets/Player/Materials/M_PlayerShield.mat
  artifactKey: Guid(d662aebd4f0067e46b5dfc4365aac25a) Importer(815301076,1909f56bfc062723c751e8b465ee728b)
Start importing Assets/Player/Materials/M_PlayerShield.mat using Guid(d662aebd4f0067e46b5dfc4365aac25a) Importer(815301076,1909f56bfc062723c751e8b465ee728b)  -> (artifact id: 'a3a9bccd66f6f35c7744fbd0e6c33a8d') in 0.026948 seconds 
========================================================================
Received Import Request.
  Time since last request: 692.873301 seconds.
  path: Assets/Player/Prefabs/Player.prefab
  artifactKey: Guid(f62d56d6740edcb4bbec272b7a58268f) Importer(815301076,1909f56bfc062723c751e8b465ee728b)
Start importing Assets/Player/Prefabs/Player.prefab using Guid(f62d56d6740edcb4bbec272b7a58268f) Importer(815301076,1909f56bfc062723c751e8b465ee728b)  -> (artifact id: 'ded0e23ec7737d2aa1bfb81acadc81e2') in 0.349413 seconds 
========================================================================
Received Import Request.
  Time since last request: 243.222914 seconds.
  path: Assets/General/Shaders/SG_Items_Energy_Perks.shadergraph
  artifactKey: Guid(20ef5c8887470b84ca3fdc03d67b392b) Importer(815301076,1909f56bfc062723c751e8b465ee728b)
Start importing Assets/General/Shaders/SG_Items_Energy_Perks.shadergraph using Guid(20ef5c8887470b84ca3fdc03d67b392b) Importer(815301076,1909f56bfc062723c751e8b465ee728b)  -> (artifact id: '7857b4d5794d152d282a29d6bd0453fc') in 0.012972 seconds 
========================================================================
Received Import Request.
  Time since last request: 1.270198 seconds.
  path: Assets/General/Shaders/SG_ItemsModule.shadergraph
  artifactKey: Guid(12ef4ee252c697c4ab4b5db4ddce5f20) Importer(815301076,1909f56bfc062723c751e8b465ee728b)
Start importing Assets/General/Shaders/SG_ItemsModule.shadergraph using Guid(12ef4ee252c697c4ab4b5db4ddce5f20) Importer(815301076,1909f56bfc062723c751e8b465ee728b)  -> (artifact id: '7b2d7b30a807d72e1f1f2793056b61ab') in 0.021696 seconds 
========================================================================
Received Import Request.
  Time since last request: 1.184428 seconds.
  path: Assets/General/Shaders/SG_ItemsScraps.shadergraph
  artifactKey: Guid(50a95eada25893444bf7516de63fb0c6) Importer(815301076,1909f56bfc062723c751e8b465ee728b)
Start importing Assets/General/Shaders/SG_ItemsScraps.shadergraph using Guid(50a95eada25893444bf7516de63fb0c6) Importer(815301076,1909f56bfc062723c751e8b465ee728b)  -> (artifact id: '3cfaaff0d6e325817f839ba175626841') in 0.007013 seconds 
========================================================================
Received Import Request.
  Time since last request: 0.564005 seconds.
  path: Assets/General/Shaders/SG_ItemsShield.shadergraph
  artifactKey: Guid(9318b6f3a8916344f8bbc5728cff541f) Importer(815301076,1909f56bfc062723c751e8b465ee728b)
Start importing Assets/General/Shaders/SG_ItemsShield.shadergraph using Guid(9318b6f3a8916344f8bbc5728cff541f) Importer(815301076,1909f56bfc062723c751e8b465ee728b)  -> (artifact id: 'feb5df9306db97abd61b601453572e26') in 0.009365 seconds 
========================================================================
Received Import Request.
  Time since last request: 0.379182 seconds.
  path: Assets/General/Shaders/SG_Planet.shadergraph
  artifactKey: Guid(0e31aab8d2dc1154ca34b04c319c6da8) Importer(815301076,1909f56bfc062723c751e8b465ee728b)
Start importing Assets/General/Shaders/SG_Planet.shadergraph using Guid(0e31aab8d2dc1154ca34b04c319c6da8) Importer(815301076,1909f56bfc062723c751e8b465ee728b)  -> (artifact id: '650caba9bd2e3e5c410a602157ccd067') in 0.008018 seconds 
========================================================================
Received Import Request.
  Time since last request: 0.651628 seconds.
  path: Assets/General/Shaders/SG_Shields.shadergraph
  artifactKey: Guid(5a917e5e01637b049a27af9c0871d040) Importer(815301076,1909f56bfc062723c751e8b465ee728b)
Start importing Assets/General/Shaders/SG_Shields.shadergraph using Guid(5a917e5e01637b049a27af9c0871d040) Importer(815301076,1909f56bfc062723c751e8b465ee728b)  -> (artifact id: '6c4d5612cb9622290a4558fdaf0db3e9') in 0.013765 seconds 
========================================================================
Received Import Request.
  Time since last request: 0.328775 seconds.
  path: Assets/General/Shaders/SG_Ships.shadergraph
  artifactKey: Guid(1f3e2a8df566d1847a6998bab8d949ac) Importer(815301076,1909f56bfc062723c751e8b465ee728b)
Start importing Assets/General/Shaders/SG_Ships.shadergraph using Guid(1f3e2a8df566d1847a6998bab8d949ac) Importer(815301076,1909f56bfc062723c751e8b465ee728b)  -> (artifact id: 'aa6cc68aacaad747885ff4fd54a7be53') in 0.009520 seconds 
========================================================================
Received Import Request.
  Time since last request: 0.289097 seconds.
  path: Assets/General/Shaders/SG_ShipsLit.shadergraph
  artifactKey: Guid(f2a7ae9cf0344954b878fd4a7b47ade0) Importer(815301076,1909f56bfc062723c751e8b465ee728b)
Start importing Assets/General/Shaders/SG_ShipsLit.shadergraph using Guid(f2a7ae9cf0344954b878fd4a7b47ade0) Importer(815301076,1909f56bfc062723c751e8b465ee728b)  -> (artifact id: '97c60b550726b62dfb07771f0a5b1164') in 0.012558 seconds 
========================================================================
Received Import Request.
  Time since last request: 27.309864 seconds.
  path: Assets/General/Shaders/SG_Laser.shadergraph
  artifactKey: Guid(a1fc145af8fc60f40af0ca3ba5b6e671) Importer(815301076,1909f56bfc062723c751e8b465ee728b)
Start importing Assets/General/Shaders/SG_Laser.shadergraph using Guid(a1fc145af8fc60f40af0ca3ba5b6e671) Importer(815301076,1909f56bfc062723c751e8b465ee728b)  -> (artifact id: 'becd2695a8530cf4f67d5defecac1274') in 0.010979 seconds 
========================================================================
Received Import Request.
  Time since last request: 1048.423437 seconds.
  path: Assets/General/Shaders/SG_Laser.shadergraph
  artifactKey: Guid(a1fc145af8fc60f40af0ca3ba5b6e671) Importer(815301076,1909f56bfc062723c751e8b465ee728b)
Start importing Assets/General/Shaders/SG_Laser.shadergraph using Guid(a1fc145af8fc60f40af0ca3ba5b6e671) Importer(815301076,1909f56bfc062723c751e8b465ee728b)  -> (artifact id: '4b9d3b3fe1f99bc579cc2bbcd068891e') in 0.003898 seconds 
========================================================================
Received Import Request.
  Time since last request: 12.934434 seconds.
  path: Assets/Player/Materials/M_PlayerBullet 1.mat
  artifactKey: Guid(463482b10816e7b4ba21d933717b59cb) Importer(815301076,1909f56bfc062723c751e8b465ee728b)
Start importing Assets/Player/Materials/M_PlayerBullet 1.mat using Guid(463482b10816e7b4ba21d933717b59cb) Importer(815301076,1909f56bfc062723c751e8b465ee728b)  -> (artifact id: '9271531c2392feba984bda86d68ee945') in 0.018319 seconds 
========================================================================
Received Import Request.
  Time since last request: 6.879787 seconds.
  path: Assets/Player/Materials/M_PlayerLaser.mat
  artifactKey: Guid(463482b10816e7b4ba21d933717b59cb) Importer(815301076,1909f56bfc062723c751e8b465ee728b)
Start importing Assets/Player/Materials/M_PlayerLaser.mat using Guid(463482b10816e7b4ba21d933717b59cb) Importer(815301076,1909f56bfc062723c751e8b465ee728b)  -> (artifact id: '6fda3cb39171255aa3e0ea5fe0fb9167') in 0.016781 seconds 
========================================================================
Received Import Request.
  Time since last request: 6.013680 seconds.
  path: Assets/Player/Materials/M_PlayerLaser.mat
  artifactKey: Guid(463482b10816e7b4ba21d933717b59cb) Importer(815301076,1909f56bfc062723c751e8b465ee728b)
Start importing Assets/Player/Materials/M_PlayerLaser.mat using Guid(463482b10816e7b4ba21d933717b59cb) Importer(815301076,1909f56bfc062723c751e8b465ee728b)  -> (artifact id: '2a46211a6ef4d6d1d2f0aed9a537850f') in 0.426638 seconds 
========================================================================
Received Import Request.
  Time since last request: 19.672143 seconds.
  path: Assets/Player/Prefabs/Player.prefab
  artifactKey: Guid(f62d56d6740edcb4bbec272b7a58268f) Importer(815301076,1909f56bfc062723c751e8b465ee728b)
Start importing Assets/Player/Prefabs/Player.prefab using Guid(f62d56d6740edcb4bbec272b7a58268f) Importer(815301076,1909f56bfc062723c751e8b465ee728b)  -> (artifact id: 'a770cbeded0aff1e09e8fb018cf975e2') in 0.056742 seconds 
========================================================================
Received Import Request.
  Time since last request: 2.741302 seconds.
  path: Assets/Player/Prefabs/Player.prefab
  artifactKey: Guid(f62d56d6740edcb4bbec272b7a58268f) Importer(815301076,1909f56bfc062723c751e8b465ee728b)
Start importing Assets/Player/Prefabs/Player.prefab using Guid(f62d56d6740edcb4bbec272b7a58268f) Importer(815301076,1909f56bfc062723c751e8b465ee728b)  -> (artifact id: 'b2c83d7938614786b2c7684dcfee59ec') in 0.073867 seconds 
========================================================================
Received Import Request.
  Time since last request: 13.380185 seconds.
  path: Assets/Player/Prefabs/Player.prefab
  artifactKey: Guid(f62d56d6740edcb4bbec272b7a58268f) Importer(815301076,1909f56bfc062723c751e8b465ee728b)
Start importing Assets/Player/Prefabs/Player.prefab using Guid(f62d56d6740edcb4bbec272b7a58268f) Importer(815301076,1909f56bfc062723c751e8b465ee728b)  -> (artifact id: '3bb1a1c59f5356bab25647ce6c609b0b') in 0.070804 seconds 
========================================================================
Received Import Request.
  Time since last request: 47.308215 seconds.
  path: Assets/Player/Prefabs/Player.prefab
  artifactKey: Guid(f62d56d6740edcb4bbec272b7a58268f) Importer(815301076,1909f56bfc062723c751e8b465ee728b)
Start importing Assets/Player/Prefabs/Player.prefab using Guid(f62d56d6740edcb4bbec272b7a58268f) Importer(815301076,1909f56bfc062723c751e8b465ee728b)  -> (artifact id: 'ba53bf1c0029fdb578fc17c0a18baee7') in 0.617953 seconds 
========================================================================
Received Import Request.
  Time since last request: 101.755258 seconds.
  path: Assets/Player/Prefabs/Player.prefab
  artifactKey: Guid(f62d56d6740edcb4bbec272b7a58268f) Importer(815301076,1909f56bfc062723c751e8b465ee728b)
Start importing Assets/Player/Prefabs/Player.prefab using Guid(f62d56d6740edcb4bbec272b7a58268f) Importer(815301076,1909f56bfc062723c751e8b465ee728b)  -> (artifact id: '74c46c60ed0bcc7b7241d0aca0f36fee') in 0.601368 seconds 
========================================================================
Received Import Request.
  Time since last request: 17.394143 seconds.
  path: Assets/Player/Prefabs/Player.prefab
  artifactKey: Guid(f62d56d6740edcb4bbec272b7a58268f) Importer(815301076,1909f56bfc062723c751e8b465ee728b)
Start importing Assets/Player/Prefabs/Player.prefab using Guid(f62d56d6740edcb4bbec272b7a58268f) Importer(815301076,1909f56bfc062723c751e8b465ee728b)  -> (artifact id: 'ac7829945aa82e990bc7a560e52a155f') in 0.382109 seconds 
========================================================================
Received Import Request.
  Time since last request: 5.530832 seconds.
  path: Assets/Player/Prefabs/Player.prefab
  artifactKey: Guid(f62d56d6740edcb4bbec272b7a58268f) Importer(815301076,1909f56bfc062723c751e8b465ee728b)
Start importing Assets/Player/Prefabs/Player.prefab using Guid(f62d56d6740edcb4bbec272b7a58268f) Importer(815301076,1909f56bfc062723c751e8b465ee728b)  -> (artifact id: '6f2fb2128d506298fb65df46a6a78a38') in 0.374848 seconds 
========================================================================
Received Import Request.
  Time since last request: 9.948045 seconds.
  path: Assets/Player/Prefabs/Player.prefab
  artifactKey: Guid(f62d56d6740edcb4bbec272b7a58268f) Importer(815301076,1909f56bfc062723c751e8b465ee728b)
Start importing Assets/Player/Prefabs/Player.prefab using Guid(f62d56d6740edcb4bbec272b7a58268f) Importer(815301076,1909f56bfc062723c751e8b465ee728b)  -> (artifact id: 'f2416d754356932129f8cbee7b4d6763') in 0.401842 seconds 
========================================================================
Received Import Request.
  Time since last request: 7.933238 seconds.
  path: Assets/Player/Prefabs/Player.prefab
  artifactKey: Guid(f62d56d6740edcb4bbec272b7a58268f) Importer(815301076,1909f56bfc062723c751e8b465ee728b)
Start importing Assets/Player/Prefabs/Player.prefab using Guid(f62d56d6740edcb4bbec272b7a58268f) Importer(815301076,1909f56bfc062723c751e8b465ee728b)  -> (artifact id: '69af73cd14f2e5b97057d96e850cda34') in 0.056417 seconds 
========================================================================
Received Import Request.
  Time since last request: 1.183556 seconds.
  path: Assets/Player/Prefabs/Player.prefab
  artifactKey: Guid(f62d56d6740edcb4bbec272b7a58268f) Importer(815301076,1909f56bfc062723c751e8b465ee728b)
Start importing Assets/Player/Prefabs/Player.prefab using Guid(f62d56d6740edcb4bbec272b7a58268f) Importer(815301076,1909f56bfc062723c751e8b465ee728b)  -> (artifact id: '6ff57f96201dbb4bf9f4193d9d411330') in 0.054791 seconds 
========================================================================
Received Import Request.
  Time since last request: 0.954978 seconds.
  path: Assets/Player/Prefabs/Player.prefab
  artifactKey: Guid(f62d56d6740edcb4bbec272b7a58268f) Importer(815301076,1909f56bfc062723c751e8b465ee728b)
Start importing Assets/Player/Prefabs/Player.prefab using Guid(f62d56d6740edcb4bbec272b7a58268f) Importer(815301076,1909f56bfc062723c751e8b465ee728b)  -> (artifact id: 'c5c49a75456579aa7f52a1b5e4e61ff5') in 0.055140 seconds 
========================================================================
Received Import Request.
  Time since last request: 2.373509 seconds.
  path: Assets/Player/Prefabs/Player.prefab
  artifactKey: Guid(f62d56d6740edcb4bbec272b7a58268f) Importer(815301076,1909f56bfc062723c751e8b465ee728b)
Start importing Assets/Player/Prefabs/Player.prefab using Guid(f62d56d6740edcb4bbec272b7a58268f) Importer(815301076,1909f56bfc062723c751e8b465ee728b)  -> (artifact id: '9f7ae58dda6ed805ce54a84151f0b821') in 0.064467 seconds 
========================================================================
Received Import Request.
  Time since last request: 14.512906 seconds.
  path: Assets/Player/Prefabs/Player.prefab
  artifactKey: Guid(f62d56d6740edcb4bbec272b7a58268f) Importer(815301076,1909f56bfc062723c751e8b465ee728b)
Start importing Assets/Player/Prefabs/Player.prefab using Guid(f62d56d6740edcb4bbec272b7a58268f) Importer(815301076,1909f56bfc062723c751e8b465ee728b)  -> (artifact id: 'a15557ac0b2dc9b402c306ecbefe4ef1') in 0.378363 seconds 
========================================================================
Received Import Request.
  Time since last request: 34.602991 seconds.
  path: Assets/Player/Prefabs/Player.prefab
  artifactKey: Guid(f62d56d6740edcb4bbec272b7a58268f) Importer(815301076,1909f56bfc062723c751e8b465ee728b)
Start importing Assets/Player/Prefabs/Player.prefab using Guid(f62d56d6740edcb4bbec272b7a58268f) Importer(815301076,1909f56bfc062723c751e8b465ee728b)  -> (artifact id: 'efff41b4db88502fe26dfadb8911301f') in 0.376839 seconds 
========================================================================
Received Import Request.
  Time since last request: 7.427609 seconds.
  path: Assets/Player/Prefabs/Player.prefab
  artifactKey: Guid(f62d56d6740edcb4bbec272b7a58268f) Importer(815301076,1909f56bfc062723c751e8b465ee728b)
Start importing Assets/Player/Prefabs/Player.prefab using Guid(f62d56d6740edcb4bbec272b7a58268f) Importer(815301076,1909f56bfc062723c751e8b465ee728b)  -> (artifact id: '06577f092890061d956032b222fb4a40') in 0.068184 seconds 
========================================================================
Received Import Request.
  Time since last request: 19.457796 seconds.
  path: Assets/Player/Materials/M_PlayerLaser.mat
  artifactKey: Guid(463482b10816e7b4ba21d933717b59cb) Importer(815301076,1909f56bfc062723c751e8b465ee728b)
Start importing Assets/Player/Materials/M_PlayerLaser.mat using Guid(463482b10816e7b4ba21d933717b59cb) Importer(815301076,1909f56bfc062723c751e8b465ee728b)  -> (artifact id: 'c7f7c56d6ef494519b5d1e44b8a61134') in 0.018047 seconds 
========================================================================
Received Import Request.
  Time since last request: 702.394052 seconds.
  path: Assets/Player/Materials/M_PlayerLaser.mat
  artifactKey: Guid(463482b10816e7b4ba21d933717b59cb) Importer(815301076,1909f56bfc062723c751e8b465ee728b)
Start importing Assets/Player/Materials/M_PlayerLaser.mat using Guid(463482b10816e7b4ba21d933717b59cb) Importer(815301076,1909f56bfc062723c751e8b465ee728b)  -> (artifact id: '1d7173c37854ac4f3fc6e5ec997cf308') in 0.420569 seconds 
========================================================================
Received Import Request.
  Time since last request: 197.229897 seconds.
  path: Assets/Player/Materials/M_PlayerLaser.mat
  artifactKey: Guid(463482b10816e7b4ba21d933717b59cb) Importer(815301076,1909f56bfc062723c751e8b465ee728b)
Start importing Assets/Player/Materials/M_PlayerLaser.mat using Guid(463482b10816e7b4ba21d933717b59cb) Importer(815301076,1909f56bfc062723c751e8b465ee728b)  -> (artifact id: 'c1b95c06a2145e3bd6f6d43c50771950') in 0.333605 seconds 
========================================================================
Received Import Request.
  Time since last request: 16.169282 seconds.
  path: Assets/Player/Materials/M_PlayerLaser.mat
  artifactKey: Guid(463482b10816e7b4ba21d933717b59cb) Importer(815301076,1909f56bfc062723c751e8b465ee728b)
Start importing Assets/Player/Materials/M_PlayerLaser.mat using Guid(463482b10816e7b4ba21d933717b59cb) Importer(815301076,1909f56bfc062723c751e8b465ee728b)  -> (artifact id: '13abc909210488217ab7b0845a443795') in 0.350116 seconds 
========================================================================
Received Import Request.
  Time since last request: 266.545085 seconds.
  path: Assets/Player/Materials/M_PlayerLaser.mat
  artifactKey: Guid(463482b10816e7b4ba21d933717b59cb) Importer(815301076,1909f56bfc062723c751e8b465ee728b)
Start importing Assets/Player/Materials/M_PlayerLaser.mat using Guid(463482b10816e7b4ba21d933717b59cb) Importer(815301076,1909f56bfc062723c751e8b465ee728b)  -> (artifact id: '0b5b33bf06fd9800d96147eea9e1bd91') in 0.392161 seconds 
========================================================================
Received Import Request.
  Time since last request: 14.359188 seconds.
  path: Assets/Player/Materials/M_PlayerLaser.mat
  artifactKey: Guid(463482b10816e7b4ba21d933717b59cb) Importer(815301076,1909f56bfc062723c751e8b465ee728b)
Start importing Assets/Player/Materials/M_PlayerLaser.mat using Guid(463482b10816e7b4ba21d933717b59cb) Importer(815301076,1909f56bfc062723c751e8b465ee728b)  -> (artifact id: '0a5649a31a399e6a8093066dba2a4563') in 0.397285 seconds 
========================================================================
Received Import Request.
  Time since last request: 9.569481 seconds.
  path: Assets/Player/Materials/M_PlayerLaser.mat
  artifactKey: Guid(463482b10816e7b4ba21d933717b59cb) Importer(815301076,1909f56bfc062723c751e8b465ee728b)
Start importing Assets/Player/Materials/M_PlayerLaser.mat using Guid(463482b10816e7b4ba21d933717b59cb) Importer(815301076,1909f56bfc062723c751e8b465ee728b)  -> (artifact id: '64b3a5083e02353fbafb90108f672dbd') in 0.464392 seconds 
========================================================================
Received Import Request.
  Time since last request: 7.445755 seconds.
  path: Assets/Player/Materials/M_PlayerLaser.mat
  artifactKey: Guid(463482b10816e7b4ba21d933717b59cb) Importer(815301076,1909f56bfc062723c751e8b465ee728b)
Start importing Assets/Player/Materials/M_PlayerLaser.mat using Guid(463482b10816e7b4ba21d933717b59cb) Importer(815301076,1909f56bfc062723c751e8b465ee728b)  -> (artifact id: '0b7febb5d7ce705aa7340b3bf5c07b13') in 0.348862 seconds 
========================================================================
Received Import Request.
  Time since last request: 315.860212 seconds.
  path: Assets/General/Shaders/SG_Items_Energy_Perks.shadergraph
  artifactKey: Guid(20ef5c8887470b84ca3fdc03d67b392b) Importer(815301076,1909f56bfc062723c751e8b465ee728b)
Start importing Assets/General/Shaders/SG_Items_Energy_Perks.shadergraph using Guid(20ef5c8887470b84ca3fdc03d67b392b) Importer(815301076,1909f56bfc062723c751e8b465ee728b)  -> (artifact id: '8ad737d146d1db1ff1814f2a702f7cf9') in 0.012118 seconds 
========================================================================
Received Import Request.
  Time since last request: 10.905161 seconds.
  path: Assets/General/Shaders/SG_Laser.shadergraph
  artifactKey: Guid(a1fc145af8fc60f40af0ca3ba5b6e671) Importer(815301076,1909f56bfc062723c751e8b465ee728b)
Start importing Assets/General/Shaders/SG_Laser.shadergraph using Guid(a1fc145af8fc60f40af0ca3ba5b6e671) Importer(815301076,1909f56bfc062723c751e8b465ee728b)  -> (artifact id: '9acdf4093b8c6a1f2861d1d8956b3421') in 0.006315 seconds 
========================================================================
Received Import Request.
  Time since last request: 10.174890 seconds.
  path: Assets/General/Shaders/SG_Background.shadergraph
  artifactKey: Guid(1712ff33a6749d24d8e26cb2ee95b4f8) Importer(815301076,1909f56bfc062723c751e8b465ee728b)
Start importing Assets/General/Shaders/SG_Background.shadergraph using Guid(1712ff33a6749d24d8e26cb2ee95b4f8) Importer(815301076,1909f56bfc062723c751e8b465ee728b)  -> (artifact id: 'be4079f50d34f6061f029c3a438f1a8e') in 0.010486 seconds 
========================================================================
Received Import Request.
  Time since last request: 32.352537 seconds.
  path: Assets/General/Shaders/SG_Background.shadergraph
  artifactKey: Guid(1712ff33a6749d24d8e26cb2ee95b4f8) Importer(815301076,1909f56bfc062723c751e8b465ee728b)
Start importing Assets/General/Shaders/SG_Background.shadergraph using Guid(1712ff33a6749d24d8e26cb2ee95b4f8) Importer(815301076,1909f56bfc062723c751e8b465ee728b)  -> (artifact id: 'e8e4db2c1553b7e650a146b411262638') in 0.002472 seconds 
========================================================================
Received Import Request.
  Time since last request: 156.535677 seconds.
  path: Assets/Player/Materials/M_PlayerLaser.mat
  artifactKey: Guid(463482b10816e7b4ba21d933717b59cb) Importer(815301076,1909f56bfc062723c751e8b465ee728b)
Start importing Assets/Player/Materials/M_PlayerLaser.mat using Guid(463482b10816e7b4ba21d933717b59cb) Importer(815301076,1909f56bfc062723c751e8b465ee728b)  -> (artifact id: '56e9066d7d01e07b8f84e598abdd1049') in 0.317815 seconds 
========================================================================
Received Import Request.
  Time since last request: 0.914305 seconds.
  path: Assets/Player/Prefabs/Player.prefab
  artifactKey: Guid(f62d56d6740edcb4bbec272b7a58268f) Importer(815301076,1909f56bfc062723c751e8b465ee728b)
Start importing Assets/Player/Prefabs/Player.prefab using Guid(f62d56d6740edcb4bbec272b7a58268f) Importer(815301076,1909f56bfc062723c751e8b465ee728b)  -> (artifact id: '1fc84cb7a41526aa8604d4ce7149837f') in 0.070491 seconds 
========================================================================
Received Import Request.
  Time since last request: 101.952791 seconds.
  path: Assets/Player/Prefabs/Player.prefab
  artifactKey: Guid(f62d56d6740edcb4bbec272b7a58268f) Importer(815301076,1909f56bfc062723c751e8b465ee728b)
Start importing Assets/Player/Prefabs/Player.prefab using Guid(f62d56d6740edcb4bbec272b7a58268f) Importer(815301076,1909f56bfc062723c751e8b465ee728b)  -> (artifact id: '8c5275759b552d219cf2e21ceb6bdcff') in 0.072594 seconds 
========================================================================
Received Import Request.
  Time since last request: 7.414395 seconds.
  path: Assets/Player/Prefabs/Player.prefab
  artifactKey: Guid(f62d56d6740edcb4bbec272b7a58268f) Importer(815301076,1909f56bfc062723c751e8b465ee728b)
Start importing Assets/Player/Prefabs/Player.prefab using Guid(f62d56d6740edcb4bbec272b7a58268f) Importer(815301076,1909f56bfc062723c751e8b465ee728b)  -> (artifact id: 'ddefaf8532b790ad9bb6dbf2d1754e78') in 0.062883 seconds 
========================================================================
Received Import Request.
  Time since last request: 12.976349 seconds.
  path: Assets/Player/Prefabs/Player.prefab
  artifactKey: Guid(f62d56d6740edcb4bbec272b7a58268f) Importer(815301076,1909f56bfc062723c751e8b465ee728b)
Start importing Assets/Player/Prefabs/Player.prefab using Guid(f62d56d6740edcb4bbec272b7a58268f) Importer(815301076,1909f56bfc062723c751e8b465ee728b)  -> (artifact id: 'dc067a7229e83ea8ab031aca9f0eb7a2') in 0.077321 seconds 
========================================================================
Received Import Request.
  Time since last request: 3.832769 seconds.
  path: Assets/Player/Prefabs/Player.prefab
  artifactKey: Guid(f62d56d6740edcb4bbec272b7a58268f) Importer(815301076,1909f56bfc062723c751e8b465ee728b)
Start importing Assets/Player/Prefabs/Player.prefab using Guid(f62d56d6740edcb4bbec272b7a58268f) Importer(815301076,1909f56bfc062723c751e8b465ee728b)  -> (artifact id: '4a05d76b89a6bf73986f85c13054304f') in 0.074550 seconds 
========================================================================
Received Import Request.
  Time since last request: 3.797652 seconds.
  path: Assets/Player/Prefabs/Player.prefab
  artifactKey: Guid(f62d56d6740edcb4bbec272b7a58268f) Importer(815301076,1909f56bfc062723c751e8b465ee728b)
Start importing Assets/Player/Prefabs/Player.prefab using Guid(f62d56d6740edcb4bbec272b7a58268f) Importer(815301076,1909f56bfc062723c751e8b465ee728b)  -> (artifact id: 'e1366769d1383a09539f5f059f73b39c') in 0.065381 seconds 
========================================================================
Received Import Request.
  Time since last request: 8.112885 seconds.
  path: Assets/Player/Prefabs/Player.prefab
  artifactKey: Guid(f62d56d6740edcb4bbec272b7a58268f) Importer(815301076,1909f56bfc062723c751e8b465ee728b)
Start importing Assets/Player/Prefabs/Player.prefab using Guid(f62d56d6740edcb4bbec272b7a58268f) Importer(815301076,1909f56bfc062723c751e8b465ee728b)  -> (artifact id: '80f2fff494ae8436d92f6df41c38df2b') in 0.073946 seconds 
========================================================================
Received Import Request.
  Time since last request: 4.610883 seconds.
  path: Assets/Player/Prefabs/Player.prefab
  artifactKey: Guid(f62d56d6740edcb4bbec272b7a58268f) Importer(815301076,1909f56bfc062723c751e8b465ee728b)
Start importing Assets/Player/Prefabs/Player.prefab using Guid(f62d56d6740edcb4bbec272b7a58268f) Importer(815301076,1909f56bfc062723c751e8b465ee728b)  -> (artifact id: '3b351345d2845d2ee83d28848b7edfe9') in 0.065468 seconds 
========================================================================
Received Import Request.
  Time since last request: 4.427839 seconds.
  path: Assets/Player/Prefabs/Player.prefab
  artifactKey: Guid(f62d56d6740edcb4bbec272b7a58268f) Importer(815301076,1909f56bfc062723c751e8b465ee728b)
Start importing Assets/Player/Prefabs/Player.prefab using Guid(f62d56d6740edcb4bbec272b7a58268f) Importer(815301076,1909f56bfc062723c751e8b465ee728b)  -> (artifact id: '2ca880ae1e99c330157d336adf86bfa5') in 0.062650 seconds 
========================================================================
Received Import Request.
  Time since last request: 4.724377 seconds.
  path: Assets/Player/Prefabs/Player.prefab
  artifactKey: Guid(f62d56d6740edcb4bbec272b7a58268f) Importer(815301076,1909f56bfc062723c751e8b465ee728b)
Start importing Assets/Player/Prefabs/Player.prefab using Guid(f62d56d6740edcb4bbec272b7a58268f) Importer(815301076,1909f56bfc062723c751e8b465ee728b)  -> (artifact id: '6ce0686ebe5c084e77f2defb38e9c09b') in 0.078050 seconds 
========================================================================
Received Import Request.
  Time since last request: 4.203938 seconds.
  path: Assets/Player/Prefabs/Player.prefab
  artifactKey: Guid(f62d56d6740edcb4bbec272b7a58268f) Importer(815301076,1909f56bfc062723c751e8b465ee728b)
Start importing Assets/Player/Prefabs/Player.prefab using Guid(f62d56d6740edcb4bbec272b7a58268f) Importer(815301076,1909f56bfc062723c751e8b465ee728b)  -> (artifact id: 'ecf4008e492cb6d0bd3295ffb944291b') in 0.062890 seconds 
========================================================================
Received Import Request.
  Time since last request: 5.461564 seconds.
  path: Assets/Player/Prefabs/Player.prefab
  artifactKey: Guid(f62d56d6740edcb4bbec272b7a58268f) Importer(815301076,1909f56bfc062723c751e8b465ee728b)
Start importing Assets/Player/Prefabs/Player.prefab using Guid(f62d56d6740edcb4bbec272b7a58268f) Importer(815301076,1909f56bfc062723c751e8b465ee728b)  -> (artifact id: '36882f8f8ff78184ec1f1b8f186229d0') in 0.063458 seconds 
========================================================================
Received Import Request.
  Time since last request: 4.828733 seconds.
  path: Assets/Player/Prefabs/Player.prefab
  artifactKey: Guid(f62d56d6740edcb4bbec272b7a58268f) Importer(815301076,1909f56bfc062723c751e8b465ee728b)
Start importing Assets/Player/Prefabs/Player.prefab using Guid(f62d56d6740edcb4bbec272b7a58268f) Importer(815301076,1909f56bfc062723c751e8b465ee728b)  -> (artifact id: 'b902ef73258a61bef71c836c24631a9b') in 0.064121 seconds 
========================================================================
Received Import Request.
  Time since last request: 3.881356 seconds.
  path: Assets/Player/Prefabs/Player.prefab
  artifactKey: Guid(f62d56d6740edcb4bbec272b7a58268f) Importer(815301076,1909f56bfc062723c751e8b465ee728b)
Start importing Assets/Player/Prefabs/Player.prefab using Guid(f62d56d6740edcb4bbec272b7a58268f) Importer(815301076,1909f56bfc062723c751e8b465ee728b)  -> (artifact id: '7b05ffa87ba62bb7adf976d70e0bd144') in 0.069438 seconds 
========================================================================
Received Import Request.
  Time since last request: 1.850196 seconds.
  path: Assets/Player/Prefabs/Player.prefab
  artifactKey: Guid(f62d56d6740edcb4bbec272b7a58268f) Importer(815301076,1909f56bfc062723c751e8b465ee728b)
Start importing Assets/Player/Prefabs/Player.prefab using Guid(f62d56d6740edcb4bbec272b7a58268f) Importer(815301076,1909f56bfc062723c751e8b465ee728b)  -> (artifact id: '63a1a065c326f5d39f50f6e4f51d2c9a') in 0.075599 seconds 
========================================================================
Received Import Request.
  Time since last request: 111.145023 seconds.
  path: Assets/Player/Prefabs/Player.prefab
  artifactKey: Guid(f62d56d6740edcb4bbec272b7a58268f) Importer(815301076,1909f56bfc062723c751e8b465ee728b)
Start importing Assets/Player/Prefabs/Player.prefab using Guid(f62d56d6740edcb4bbec272b7a58268f) Importer(815301076,1909f56bfc062723c751e8b465ee728b)  -> (artifact id: 'a58c048c8494d1a6d777849d91729b0b') in 0.081500 seconds 
========================================================================
Received Import Request.
  Time since last request: 8.059786 seconds.
  path: Assets/Player/Prefabs/Player.prefab
  artifactKey: Guid(f62d56d6740edcb4bbec272b7a58268f) Importer(815301076,1909f56bfc062723c751e8b465ee728b)
Start importing Assets/Player/Prefabs/Player.prefab using Guid(f62d56d6740edcb4bbec272b7a58268f) Importer(815301076,1909f56bfc062723c751e8b465ee728b)  -> (artifact id: 'bd3937749da8f7825facd176e24146ac') in 0.087788 seconds 
========================================================================
Received Prepare
Registering precompiled user dll's ...
Registered in 0.006436 seconds.
Begin MonoManager ReloadAssembly
Symbol file LoadedFromMemory doesn't match image C:\Users\jmsal\Documents\Games\Salvager\Salvager_Project\Library\PackageCache\com.unity.visualscripting@1.7.8\Editor\VisualScripting.Core\Dependencies\YamlDotNet\Unity.VisualScripting.YamlDotNet.dll
Symbol file LoadedFromMemory doesn't match image C:\Users\jmsal\Documents\Games\Salvager\Salvager_Project\Library\PackageCache\com.unity.visualscripting@1.7.8\Editor\VisualScripting.Core\Dependencies\DotNetZip\Unity.VisualScripting.IonicZip.dll
Native extension for WindowsStandalone target not found
Native extension for Android target not found
Refreshing native plugins compatible for Editor in 0.75 ms, found 3 plugins.
Preloading 0 native plugins for Editor in 0.00 ms.
Mono: successfully reloaded assembly
- Completed reload, in  1.349 seconds
Domain Reload Profiling:
	ReloadAssembly (1349ms)
		BeginReloadAssembly (123ms)
			ExecutionOrderSort (0ms)
			DisableScriptedObjects (6ms)
			BackupInstance (0ms)
			ReleaseScriptingObjects (0ms)
			CreateAndSetChildDomain (40ms)
		EndReloadAssembly (1141ms)
			LoadAssemblies (75ms)
			RebuildTransferFunctionScriptingTraits (0ms)
			SetupTypeCache (531ms)
			ReleaseScriptCaches (2ms)
			RebuildScriptCaches (36ms)
			SetupLoadedEditorAssemblies (374ms)
				LogAssemblyErrors (0ms)
				InitializePlatformSupportModulesInManaged (22ms)
				SetLoadedEditorAssemblies (0ms)
				RefreshPlugins (1ms)
				BeforeProcessingInitializeOnLoad (64ms)
				ProcessInitializeOnLoadAttributes (195ms)
				ProcessInitializeOnLoadMethodAttributes (86ms)
				AfterProcessingInitializeOnLoad (6ms)
				EditorAssembliesLoaded (0ms)
			ExecutionOrderSort2 (0ms)
			AwakeInstancesAfterBackupRestoration (23ms)
Platform modules already initialized, skipping
Refreshing native plugins compatible for Editor in 2.63 ms, found 3 plugins.
Preloading 0 native plugins for Editor in 0.00 ms.
Unloading 4995 Unused Serialized files (Serialized files now loaded: 0)
Unloading 29 unused Assets / (0.7 MB). Loaded Objects now: 5698.
Memory consumption went from 218.1 MB to 217.4 MB.
Total: 3.766400 ms (FindLiveObjects: 0.302500 ms CreateObjectMapping: 0.183800 ms MarkObjects: 2.978200 ms  DeleteObjects: 0.300700 ms)

AssetImportParameters requested are different than current active one (requested -> active):
  custom:video-decoder-ogg-theora: a1e56fd34408186e4bbccfd4996cb3dc -> 
  custom:container-muxer-webm: aa71ff27fc2769a1b78a27578f13a17b -> 
  custom:container-demuxer-webm: 4f35f7cbe854078d1ac9338744f61a02 -> 
  custom:video-encoder-webm-vp8: eb34c28f22e8b96e1ab97ce403110664 -> 
  custom:audio-encoder-webm-vorbis: bf7c407c2cedff20999df2af8eb42d56 -> 
  custom:framework-win-MediaFoundation: 216162199b28c13a410421893ffa2e32 -> 
  custom:container-demuxer-ogg: 62fdf1f143b41e24485cea50d1cbac27 -> 
  custom:video-decoder-webm-vp8: 9c59270c3fd7afecdb556c50c9e8de78 -> 
  custom:audio-decoder-ogg-vorbis: bf7c407c2cedff20999df2af8eb42d56 -> 
========================================================================
Received Import Request.
  Time since last request: 6815.584058 seconds.
  path: Assets/Player/Scripts/PlayerColorSelector.cs
  artifactKey: Guid(54c05feeb9408d24cb68b6bc50b95d65) Importer(815301076,1909f56bfc062723c751e8b465ee728b)
Start importing Assets/Player/Scripts/PlayerColorSelector.cs using Guid(54c05feeb9408d24cb68b6bc50b95d65) Importer(815301076,1909f56bfc062723c751e8b465ee728b)  -> (artifact id: '9723f58c915efb57d72b9649da912976') in 0.134872 seconds 
========================================================================
Received Import Request.
  Time since last request: 83.186468 seconds.
  path: Assets/Enemies/Prefabs/EnemyGiant.prefab
  artifactKey: Guid(a649d928a2199f044a628793c8732980) Importer(815301076,1909f56bfc062723c751e8b465ee728b)
Start importing Assets/Enemies/Prefabs/EnemyGiant.prefab using Guid(a649d928a2199f044a628793c8732980) Importer(815301076,1909f56bfc062723c751e8b465ee728b)  -> (artifact id: 'bb8df2f20a7249151fec03c229863284') in 1.065766 seconds 
========================================================================
Received Import Request.
  Time since last request: 19.689894 seconds.
  path: Assets/Enemies/Prefabs/EnemyTeleporter.prefab
  artifactKey: Guid(aec76052f6064c943aed4fe79addecdd) Importer(815301076,1909f56bfc062723c751e8b465ee728b)
Start importing Assets/Enemies/Prefabs/EnemyTeleporter.prefab using Guid(aec76052f6064c943aed4fe79addecdd) Importer(815301076,1909f56bfc062723c751e8b465ee728b)  -> (artifact id: '6948492ec52e489e1457566bd5c35554') in 0.038662 seconds 
========================================================================
Received Import Request.
  Time since last request: 14.400161 seconds.
  path: Assets/Enemies/M_EnemyBullet 1.mat
  artifactKey: Guid(25ebd6a872369064aba284998dd6e496) Importer(815301076,1909f56bfc062723c751e8b465ee728b)
Start importing Assets/Enemies/M_EnemyBullet 1.mat using Guid(25ebd6a872369064aba284998dd6e496) Importer(815301076,1909f56bfc062723c751e8b465ee728b)  -> (artifact id: 'bcc3b13789c0a562d602df2537c09b87') in 0.030467 seconds 
========================================================================
Received Import Request.
  Time since last request: 4.037514 seconds.
  path: Assets/Enemies/M_EnemyWarning.mat
  artifactKey: Guid(25ebd6a872369064aba284998dd6e496) Importer(815301076,1909f56bfc062723c751e8b465ee728b)
Start importing Assets/Enemies/M_EnemyWarning.mat using Guid(25ebd6a872369064aba284998dd6e496) Importer(815301076,1909f56bfc062723c751e8b465ee728b)  -> (artifact id: 'daec4dd656a68bfcc4072f75d1b0f5cd') in 0.022306 seconds 
========================================================================
Received Import Request.
  Time since last request: 8.825496 seconds.
  path: Assets/Enemies/M_EnemyWarning.mat
  artifactKey: Guid(25ebd6a872369064aba284998dd6e496) Importer(815301076,1909f56bfc062723c751e8b465ee728b)
Start importing Assets/Enemies/M_EnemyWarning.mat using Guid(25ebd6a872369064aba284998dd6e496) Importer(815301076,1909f56bfc062723c751e8b465ee728b)  -> (artifact id: '069ede125e010531fe0b51ba62d9bf4c') in 0.252248 seconds 
========================================================================
Received Import Request.
  Time since last request: 30.099217 seconds.
  path: Assets/Enemies/Prefabs/EnemyTeleporter.prefab
  artifactKey: Guid(aec76052f6064c943aed4fe79addecdd) Importer(815301076,1909f56bfc062723c751e8b465ee728b)
Start importing Assets/Enemies/Prefabs/EnemyTeleporter.prefab using Guid(aec76052f6064c943aed4fe79addecdd) Importer(815301076,1909f56bfc062723c751e8b465ee728b)  -> (artifact id: '28d82761995046179bf6c5a57166b0ac') in 0.023526 seconds 
========================================================================
Received Import Request.
  Time since last request: 35.687761 seconds.
  path: Assets/Enemies/M_EnemyWarning.mat
  artifactKey: Guid(25ebd6a872369064aba284998dd6e496) Importer(815301076,1909f56bfc062723c751e8b465ee728b)
Start importing Assets/Enemies/M_EnemyWarning.mat using Guid(25ebd6a872369064aba284998dd6e496) Importer(815301076,1909f56bfc062723c751e8b465ee728b)  -> (artifact id: '94d179adf0e3b1ca6c8806ba53262323') in 0.017291 seconds 
